[    0.000000] Linux version 4.15.0-212-generic (buildd@lcy02-amd64-083) (gcc version 7.5.0 (Ubuntu 7.5.0-3ubuntu1~18.04)) #223-Ubuntu SMP Tue May 23 13:09:22 UTC 2023 (Ubuntu 4.15.0-212.223-generic 4.15.18)
[    0.000000] Command line: BOOT_IMAGE=/boot/vmlinuz-4.15.0-212-generic root=LABEL=cloudimg-rootfs ro console=tty1 console=ttyS0
[    0.000000] KERNEL supported cpus:
[    0.000000]   Intel GenuineIntel
[    0.000000]   AMD AuthenticAMD
[    0.000000]   Centaur CentaurHauls
[    0.000000] x86/fpu: x87 FPU will use FXSAVE
[    0.000000] e820: BIOS-provided physical RAM map:
[    0.000000] BIOS-e820: [mem 0x0000000000000000-0x000000000009fbff] usable
[    0.000000] BIOS-e820: [mem 0x000000000009fc00-0x000000000009ffff] reserved
[    0.000000] BIOS-e820: [mem 0x00000000000f0000-0x00000000000fffff] reserved
[    0.000000] BIOS-e820: [mem 0x0000000000100000-0x000000003ffeffff] usable
[    0.000000] BIOS-e820: [mem 0x000000003fff0000-0x000000003fffffff] ACPI data
[    0.000000] BIOS-e820: [mem 0x00000000fec00000-0x00000000fec00fff] reserved
[    0.000000] BIOS-e820: [mem 0x00000000fee00000-0x00000000fee00fff] reserved
[    0.000000] BIOS-e820: [mem 0x00000000fffc0000-0x00000000ffffffff] reserved
[    0.000000] NX (Execute Disable) protection: active
[    0.000000] SMBIOS 2.5 present.
[    0.000000] DMI: innotek GmbH VirtualBox/VirtualBox, BIOS VirtualBox 12/01/2006
[    0.000000] Hypervisor detected: KVM
[    0.000000] e820: last_pfn = 0x3fff0 max_arch_pfn = 0x400000000
[    0.000000] MTRR: Disabled
[    0.000000] x86/PAT: MTRRs disabled, skipping PAT initialization too.
[    0.000000] CPU MTRRs all blank - virtualized system.
[    0.000000] x86/PAT: Configuration [0-7]: WB  WT  UC- UC  WB  WT  UC- UC  
[    0.000000] found SMP MP-table at [mem 0x0009fff0-0x0009ffff]
[    0.000000] Scanning 1 areas for low memory corruption
[    0.000000] RAMDISK: [mem 0x359cb000-0x36cdcfff]
[    0.000000] ACPI: Early table checksum verification disabled
[    0.000000] ACPI: RSDP 0x00000000000E0000 000024 (v02 VBOX  )
[    0.000000] ACPI: XSDT 0x000000003FFF0030 00003C (v01 VBOX   VBOXXSDT 00000001 ASL  00000061)
[    0.000000] ACPI: FACP 0x000000003FFF00F0 0000F4 (v04 VBOX   VBOXFACP 00000001 ASL  00000061)
[    0.000000] ACPI: DSDT 0x000000003FFF0610 002353 (v02 VBOX   VBOXBIOS 00000002 INTL 20100528)
[    0.000000] ACPI: FACS 0x000000003FFF0200 000040
[    0.000000] ACPI: FACS 0x000000003FFF0200 000040
[    0.000000] ACPI: APIC 0x000000003FFF0240 00005C (v02 VBOX   VBOXAPIC 00000001 ASL  00000061)
[    0.000000] ACPI: SSDT 0x000000003FFF02A0 00036C (v01 VBOX   VBOXCPUT 00000002 INTL 20100528)
[    0.000000] ACPI: Reserving FACP table memory at [mem 0x3fff00f0-0x3fff01e3]
[    0.000000] ACPI: Reserving DSDT table memory at [mem 0x3fff0610-0x3fff2962]
[    0.000000] ACPI: Reserving FACS table memory at [mem 0x3fff0200-0x3fff023f]
[    0.000000] ACPI: Reserving FACS table memory at [mem 0x3fff0200-0x3fff023f]
[    0.000000] ACPI: Reserving APIC table memory at [mem 0x3fff0240-0x3fff029b]
[    0.000000] ACPI: Reserving SSDT table memory at [mem 0x3fff02a0-0x3fff060b]
[    0.000000] No NUMA configuration found
[    0.000000] Faking a node at [mem 0x0000000000000000-0x000000003ffeffff]
[    0.000000] NODE_DATA(0) allocated [mem 0x3ffc5000-0x3ffeffff]
[    0.000000] kvm-clock: cpu 0, msr 0:3ff44001, primary cpu clock
[    0.000000] kvm-clock: Using msrs 4b564d01 and 4b564d00
[    0.000000] kvm-clock: using sched offset of 11386297416 cycles
[    0.000000] clocksource: kvm-clock: mask: 0xffffffffffffffff max_cycles: 0x1cd42e4dffb, max_idle_ns: 881590591483 ns
[    0.000000] Zone ranges:
[    0.000000]   DMA      [mem 0x0000000000001000-0x0000000000ffffff]
[    0.000000]   DMA32    [mem 0x0000000001000000-0x000000003ffeffff]
[    0.000000]   Normal   empty
[    0.000000]   Device   empty
[    0.000000] Movable zone start for each node
[    0.000000] Early memory node ranges
[    0.000000]   node   0: [mem 0x0000000000001000-0x000000000009efff]
[    0.000000]   node   0: [mem 0x0000000000100000-0x000000003ffeffff]
[    0.000000] Reserved but unavailable: 104 pages
[    0.000000] Initmem setup node 0 [mem 0x0000000000001000-0x000000003ffeffff]
[    0.000000] ACPI: PM-Timer IO Port: 0x4008
[    0.000000] IOAPIC[0]: apic_id 2, version 32, address 0xfec00000, GSI 0-23
[    0.000000] ACPI: INT_SRC_OVR (bus 0 bus_irq 0 global_irq 2 dfl dfl)
[    0.000000] ACPI: INT_SRC_OVR (bus 0 bus_irq 9 global_irq 9 low level)
[    0.000000] Using ACPI (MADT) for SMP configuration information
[    0.000000] smpboot: Allowing 2 CPUs, 0 hotplug CPUs
[    0.000000] PM: Registered nosave memory: [mem 0x00000000-0x00000fff]
[    0.000000] PM: Registered nosave memory: [mem 0x0009f000-0x0009ffff]
[    0.000000] PM: Registered nosave memory: [mem 0x000a0000-0x000effff]
[    0.000000] PM: Registered nosave memory: [mem 0x000f0000-0x000fffff]
[    0.000000] e820: [mem 0x40000000-0xfebfffff] available for PCI devices
[    0.000000] Booting paravirtualized kernel on KVM
[    0.000000] clocksource: refined-jiffies: mask: 0xffffffff max_cycles: 0xffffffff, max_idle_ns: 7645519600211568 ns
[    0.000000] setup_percpu: NR_CPUS:8192 nr_cpumask_bits:2 nr_cpu_ids:2 nr_node_ids:1
[    0.000000] percpu: Embedded 50 pages/cpu s167936 r8192 d28672 u1048576
[    0.000000] PV qspinlock hash table entries: 256 (order: 0, 4096 bytes)
[    0.000000] Built 1 zonelists, mobility grouping on.  Total pages: 257913
[    0.000000] Policy zone: DMA32
[    0.000000] Kernel command line: BOOT_IMAGE=/boot/vmlinuz-4.15.0-212-generic root=LABEL=cloudimg-rootfs ro console=tty1 console=ttyS0
[    0.000000] Memory: 982644K/1048120K available (12300K kernel code, 2477K rwdata, 4324K rodata, 2480K init, 2720K bss, 65476K reserved, 0K cma-reserved)
[    0.000000] SLUB: HWalign=64, Order=0-3, MinObjects=0, CPUs=2, Nodes=1
[    0.000000] Kernel/User page tables isolation: enabled
[    0.000000] ftrace: allocating 39508 entries in 155 pages
[    0.004000] Hierarchical RCU implementation.
[    0.004000] 	RCU restricting CPUs from NR_CPUS=8192 to nr_cpu_ids=2.
[    0.004000] 	Tasks RCU enabled.
[    0.004000] RCU: Adjusting geometry for rcu_fanout_leaf=16, nr_cpu_ids=2
[    0.004000] NR_IRQS: 524544, nr_irqs: 440, preallocated irqs: 16
[    0.004000] Console: colour VGA+ 80x25
[    0.004000] console [tty1] enabled
[    0.004000] console [ttyS0] enabled
[    0.004000] ACPI: Core revision 20170831
[    0.004000] ACPI: 2 ACPI AML tables successfully acquired and loaded
[    0.004000] APIC: Switch to symmetric I/O mode setup
[    0.008000] ..TIMER: vector=0x30 apic1=0 pin1=2 apic2=-1 pin2=-1
[    0.008030] tsc: Detected 2491.906 MHz processor
[    0.012037] Calibrating delay loop (skipped) preset value.. 4983.81 BogoMIPS (lpj=9967624)
[    0.016019] pid_max: default: 32768 minimum: 301
[    0.020344] Security Framework initialized
[    0.024023] Yama: becoming mindful.
[    0.032525] AppArmor: AppArmor initialized
[    0.052000] Dentry cache hash table entries: 131072 (order: 8, 1048576 bytes)
[    0.057271] Inode-cache hash table entries: 65536 (order: 7, 524288 bytes)
[    0.060361] Mount-cache hash table entries: 2048 (order: 2, 16384 bytes)
[    0.064647] Mountpoint-cache hash table entries: 2048 (order: 2, 16384 bytes)
[    0.081766] Last level iTLB entries: 4KB 512, 2MB 8, 4MB 8
[    0.084020] Last level dTLB entries: 4KB 512, 2MB 32, 4MB 32, 1GB 0
[    0.088022] Spectre V1 : Mitigation: usercopy/swapgs barriers and __user pointer sanitization
[    0.092020] Spectre V2 : Mitigation: Retpolines
[    0.096015] Spectre V2 : Spectre v2 / SpectreRSB mitigation: Filling RSB on context switch
[    0.100015] Spectre V2 : Spectre v2 / SpectreRSB : Filling RSB on VMEXIT
[    0.104018] Speculative Store Bypass: Vulnerable
[    0.108234] MDS: Mitigation: Clear CPU buffers
[    0.112014] MMIO Stale Data: Unknown: No mitigations
[    0.120000] Freeing SMP alternatives memory: 36K
[    0.272012] APIC calibration not consistent with PM-Timer: 296ms instead of 100ms
[    0.276000] APIC delta adjusted to PM-Timer: 6267937 (18594301)
[   0.278119] smpboot: CPU0: Intel(R) Core(TM) i5-2520M CPU @ 2.50GHz (family: 0x6, model: 0x2a, stepping: 0x7)
[    0.281338] Performance Events: unsupported p6 CPU model 42 no PMU driver, software events only.
[    0.284514] Hierarchical SRCU implementation.
[    0.293106] NMI watchdog: Perf event create on CPU 0 failed with -2
[    0.296016] NMI watchdog: Perf NMI watchdog permanently disabled
[    0.301160] smp: Bringing up secondary CPUs ...
[    0.310877] x86: Booting SMP configuration:
[    0.316015] .... node  #0, CPUs:      #1
[    0.004000] kvm-clock: cpu 1, msr 0:3ff44041, secondary cpu clock
[    0.340000] TSC synchronization [CPU#0 -> CPU#1]:
[    0.340000] Measured 311687 cycles TSC warp between CPUs, turning off TSC clock.
[    0.340000] tsc: Marking TSC unstable due to check_tsc_sync_source failed
[    0.344383] smp: Brought up 1 node, 2 CPUs
[    0.348018] smpboot: Max logical packages: 1
[    0.352014] smpboot: Total of 2 processors activated (9967.62 BogoMIPS)
[    0.364029] devtmpfs: initialized
[    0.368246] x86/mm: Memory block size: 128MB
[    0.372967] evm: security.selinux
[    0.376011] evm: security.SMACK64
[    0.380012] evm: security.SMACK64EXEC
[    0.384011] evm: security.SMACK64TRANSMUTE
[    0.388012] evm: security.SMACK64MMAP
[    0.392012] evm: security.apparmor
[    0.396018] evm: security.ima
[    0.400011] evm: security.capability
[    0.408446] clocksource: jiffies: mask: 0xffffffff max_cycles: 0xffffffff, max_idle_ns: 7645041785100000 ns
[    0.412033] futex hash table entries: 512 (order: 3, 32768 bytes)
[    0.416590] pinctrl core: initialized pinctrl subsystem
[    0.426883] RTC time: 21:35:59, date: 03/02/24
[    0.436675] NET: Registered protocol family 16
[    0.444448] audit: initializing netlink subsys (disabled)
[    0.448581] audit: type=2000 audit(1709415364.204:1): state=initialized audit_enabled=0 res=1
[    0.484021] cpuidle: using governor ladder
[    0.488032] cpuidle: using governor menu
[    0.492153] ACPI: bus type PCI registered
[    0.496012] acpiphp: ACPI Hot Plug PCI Controller Driver version: 0.5
[    0.501365] PCI: Using configuration type 1 for base access
[    0.525331] HugeTLB registered 2.00 MiB page size, pre-allocated 0 pages
[    0.545264] ACPI: Added _OSI(Module Device)
[    0.548019] ACPI: Added _OSI(Processor Device)
[    0.552015] ACPI: Added _OSI(3.0 _SCP Extensions)
[    0.556017] ACPI: Added _OSI(Processor Aggregator Device)
[    0.560018] ACPI: Added _OSI(Linux-Dell-Video)
[    0.564018] ACPI: Added _OSI(Linux-Lenovo-NV-HDMI-Audio)
[    0.568016] ACPI: Added _OSI(Linux-HPI-Hybrid-Graphics)
[    0.574928] ACPI: Executed 1 blocks of module-level executable AML code
[    0.587280] ACPI: Interpreter enabled
[    0.588041] ACPI: (supports S0 S5)
[    0.592014] ACPI: Using IOAPIC for interrupt routing
[    0.597517] PCI: Using host bridge windows from ACPI; if necessary, use "pci=nocrs" and report a bug
[    0.604543] ACPI: Enabled 2 GPEs in block 00 to 07
[    0.632000] ACPI: PCI Root Bridge [PCI0] (domain 0000 [bus 00-ff])
[    0.632038] acpi PNP0A03:00: _OSC: OS supports [ASPM ClockPM Segments MSI]
[    0.637917] acpi PNP0A03:00: _OSC: not requesting OS control; OS requires [ExtendedConfig ASPM ClockPM MSI]
[    0.640049] acpi PNP0A03:00: fail to add MMCONFIG information, can't access extended PCI configuration space under this bridge.
[    0.649836] PCI host bridge to bus 0000:00
[    0.656025] pci_bus 0000:00: root bus resource [io  0x0000-0x0cf7 window]
[    0.660019] pci_bus 0000:00: root bus resource [io  0x0d00-0xffff window]
[    0.664023] pci_bus 0000:00: root bus resource [mem 0x000a0000-0x000bffff window]
[    0.668030] pci_bus 0000:00: root bus resource [mem 0x40000000-0xfdffffff window]
[    0.672020] pci_bus 0000:00: root bus resource [bus 00-ff]
[    0.712315] pci 0000:00:01.1: legacy IDE quirk: reg 0x10: [io  0x01f0-0x01f7]
[    0.716016] pci 0000:00:01.1: legacy IDE quirk: reg 0x14: [io  0x03f6]
[    0.720020] pci 0000:00:01.1: legacy IDE quirk: reg 0x18: [io  0x0170-0x0177]
[    0.724018] pci 0000:00:01.1: legacy IDE quirk: reg 0x1c: [io  0x0376]
[    0.801706] pci 0000:00:07.0: quirk: [io  0x4000-0x403f] claimed by PIIX4 ACPI
[    0.804130] pci 0000:00:07.0: quirk: [io  0x4100-0x410f] claimed by PIIX4 SMB
[    0.836000] ACPI: PCI Interrupt Link [LNKA] (IRQs 5 9 10 *11)
[    0.837732] ACPI: PCI Interrupt Link [LNKB] (IRQs 5 9 *10 11)
[    0.844459] ACPI: PCI Interrupt Link [LNKC] (IRQs 5 *9 10 11)
[    0.852072] ACPI: PCI Interrupt Link [LNKD] (IRQs 5 9 10 *11)
[    0.861516] SCSI subsystem initialized
[    0.868000] pci 0000:00:02.0: vgaarb: setting as boot VGA device
[    0.884009] pci 0000:00:02.0: vgaarb: VGA device added: decodes=io+mem,owns=io+mem,locks=none
[    0.924024] pci 0000:00:02.0: vgaarb: bridge control possible
[    0.940017] vgaarb: loaded
[    0.948204] ACPI: bus type USB registered
[    0.956066] usbcore: registered new interface driver usbfs
[    0.972054] usbcore: registered new interface driver hub
[    0.988121] usbcore: registered new device driver usb
[    1.004544] EDAC MC: Ver: 3.0.0
[    1.016535] PCI: Using ACPI for IRQ routing
[    1.028627] NetLabel: Initializing
[    1.036013] NetLabel:  domain hash size = 128
[    1.048008] NetLabel:  protocols = UNLABELED CIPSOv4 CALIPSO
[    1.060121] NetLabel:  unlabeled traffic allowed by default
[    1.078070] clocksource: Switched to clocksource kvm-clock
[    1.237240] VFS: Disk quotas dquot_6.6.0
[    1.248693] VFS: Dquot-cache hash table entries: 512 (order 0, 4096 bytes)
[    1.266806] AppArmor: AppArmor Filesystem Enabled
[    1.280533] pnp: PnP ACPI init
[    1.294275] pnp: PnP ACPI: found 3 devices
[    1.318036] clocksource: acpi_pm: mask: 0xffffff max_cycles: 0xffffff, max_idle_ns: 2085701024 ns
[    1.347611] NET: Registered protocol family 2
[    1.364464] IP idents hash table entries: 16384 (order: 5, 131072 bytes)
[    1.382817] TCP established hash table entries: 8192 (order: 4, 65536 bytes)
[    1.408425] TCP bind hash table entries: 8192 (order: 5, 131072 bytes)
[    1.426886] TCP: Hash tables configured (established 8192 bind 8192)
[    1.445505] UDP hash table entries: 512 (order: 2, 16384 bytes)
[    1.466853] UDP-Lite hash table entries: 512 (order: 2, 16384 bytes)
[    1.491518] NET: Registered protocol family 1
[    1.508734] pci 0000:00:00.0: Limiting direct PCI/PCI transfers
[    1.529624] pci 0000:00:01.0: Activating ISA DMA hang workarounds
[    1.549412] pci 0000:00:02.0: Video device with shadowed ROM at [mem 0x000c0000-0x000dffff]
[    1.576869] Unpacking initramfs...
[    2.226535] Freeing initrd memory: 19528K
[    2.600388] clocksource: tsc: mask: 0xffffffffffffffff max_cycles: 0x23eb5badc15, max_idle_ns: 440795233937 ns
[    2.617168] platform rtc_cmos: registered platform RTC device (no PNP device found)
[    2.630218] Scanning for low memory corruption every 60 seconds
[    2.643968] Initialise system trusted keyrings
[    2.651937] Key type blacklist registered
[    2.661773] workingset: timestamp_bits=36 max_order=18 bucket_order=0
[    2.677641] zbud: loaded
[    2.685696] squashfs: version 4.0 (2009/01/31) Phillip Lougher
[    2.698037] fuse init (API version 7.26)
[    2.746353] Key type asymmetric registered
[    2.756266] Asymmetric key parser 'x509' registered
[    2.764198] Block layer SCSI generic (bsg) driver version 0.4 loaded (major 246)
[    2.779215] io scheduler noop registered
[    2.787175] io scheduler deadline registered
[    2.796217] io scheduler cfq registered (default)
[    2.806457] ACPI: AC Adapter [AC] (off-line)
[    2.813907] input: Power Button as /devices/LNXSYSTM:00/LNXPWRBN:00/input/input0
[    2.827259] ACPI: Power Button [PWRF]
[    2.835392] input: Sleep Button as /devices/LNXSYSTM:00/LNXSLPBN:00/input/input1
[    2.847282] ACPI: Sleep Button [SLPF]
[    2.856706] Serial: 8250/16550 driver, 32 ports, IRQ sharing enabled
[    2.859941] ACPI: Battery Slot [BAT0] (battery present)
[    2.926137] 00:02: ttyS0 at I/O 0x3f8 (irq = 4, base_baud = 115200) is a 16550A
[    2.955690] Linux agpgart interface v0.103
[    2.990763] loop: module loaded
[    3.004666] scsi host0: ata_piix
[    3.015720] scsi host1: ata_piix
[    3.024758] ata1: PATA max UDMA/33 cmd 0x1f0 ctl 0x3f6 bmdma 0xd000 irq 14
[    3.039541] ata2: PATA max UDMA/33 cmd 0x170 ctl 0x376 bmdma 0xd008 irq 15
[    3.055994] tun: Universal TUN/TAP device driver, 1.6
[    3.066704] PPP generic driver version 2.4.2
[    3.075821] ehci_hcd: USB 2.0 'Enhanced' Host Controller (EHCI) Driver
[    3.085341] ehci-pci: EHCI PCI platform driver
[    3.094295] ehci-platform: EHCI generic platform driver
[    3.104993] ohci_hcd: USB 1.1 'Open' Host Controller (OHCI) Driver
[    3.116414] ohci-pci: OHCI PCI platform driver
[    3.125064] ohci-platform: OHCI generic platform driver
[    3.137041] uhci_hcd: USB Universal Host Controller Interface driver
[    3.147254] i8042: PNP: PS/2 Controller [PNP0303:PS2K,PNP0f03:PS2M] at 0x60,0x64 irq 1,12
[    3.169253] serio: i8042 KBD port at 0x60,0x64 irq 1
[    3.178423] serio: i8042 AUX port at 0x60,0x64 irq 12
[    3.187352] mousedev: PS/2 mouse device common for all mice
[    3.204134] rtc_cmos rtc_cmos: rtc core: registered rtc_cmos as rtc0
[    3.206648] input: AT Translated Set 2 keyboard as /devices/platform/i8042/serio0/input/input2
[    3.218477] rtc_cmos rtc_cmos: alarms up to one day, 114 bytes nvram
[    3.252335] i2c /dev entries driver
[    3.261354] device-mapper: uevent: version 1.0.3
[    3.340444] device-mapper: ioctl: 4.37.0-ioctl (2017-09-20) initialised: dm-devel@redhat.com
[    3.353420] ledtrig-cpu: registered to indicate activity on CPUs
[    3.367001] NET: Registered protocol family 10
[    3.402231] Segment Routing with IPv6
[    3.409478] NET: Registered protocol family 17
[    3.417758] Key type dns_resolver registered
[    3.427315] mce: Using 0 MCE banks
[    3.433947] RAS: Correctable Errors collector initialized.
[    3.444282] sched_clock: Marking stable (3444108559, 0)->(12580638604, -9136530045)
[    3.465751] registered taskstats version 1
[    3.474970] Loading compiled-in X.509 certificates
[    3.493352] Loaded X.509 cert 'Build time autogenerated kernel key: b5b26778eaa3ab3a4a6cee031137706e947d12ad'
[    3.511977] Loaded X.509 cert 'Canonical Ltd. Live Patch Signing: 14df34d1a87cf37625abec039ef2bf521249b969'
[    3.528210] Loaded X.509 cert 'Canonical Ltd. Kernel Module Signing: 88f752e560a1e0737e31163a466ad7b70a850c19'
[    3.544390] blacklist: Loading compiled-in revocation X.509 certificates
[    3.555214] Loaded X.509 cert 'Canonical Ltd. Secure Boot Signing: 61482aa2830d0ab2ad5af10b7250da9033ddcef0'
[    3.570358] Loaded X.509 cert 'Canonical Ltd. Secure Boot Signing (2017): 242ade75ac4a15e50d50c84b0d45ff3eae707a03'
[    3.586506] Loaded X.509 cert 'Canonical Ltd. Secure Boot Signing (ESM 2018): 365188c1d374d6b07c3c8f240f8ef722433d6a8b'
[    3.604572] Loaded X.509 cert 'Canonical Ltd. Secure Boot Signing (2019): c0746fd6c5da3ae827864651ad66ae47fe24b3e8'
[    3.623227] Loaded X.509 cert 'Canonical Ltd. Secure Boot Signing (2021 v1): a8d54bbb3825cfb94fa13c9f8a594a195c107b8d'
[    3.643387] Loaded X.509 cert 'Canonical Ltd. Secure Boot Signing (2021 v2): 4cf046892d6fd3c9a5b03f98d845f90851dc6a8c'
[    3.672668] Loaded X.509 cert 'Canonical Ltd. Secure Boot Signing (2021 v3): 100437bb6de6e469b581e61cd66bce3ef4ed53af'
[    3.707383] Loaded X.509 cert 'Canonical Ltd. Secure Boot Signing (Ubuntu Core 2019): c1d57b8f6b743f23ee41f4f7ee292f06eecadfb9'
[    3.726850] zswap: loaded using pool lzo/zbud
[    3.759341] Key type big_key registered
[    3.766692] Key type trusted registered
[    3.783087] Key type encrypted registered
[    3.791395] AppArmor: AppArmor sha1 policy hashing enabled
[    3.800087] ima: No TPM chip found, activating TPM-bypass! (rc=-19)
[    3.812709] ima: Allocated hash algorithm: sha1
[    3.824469] evm: HMAC attrs: 0x1
[    3.831882]   Magic number: 0:389:600
[    3.842128] rtc_cmos rtc_cmos: setting system clock to 2024-03-02 21:36:03 UTC (1709415363)
[    3.858391] BIOS EDD facility v0.16 2004-Jun-25, 0 devices found
[    3.871074] EDD information not available.
[    3.889722] Freeing unused kernel image memory: 2480K
[    3.916753] Write protecting the kernel read-only data: 20480k
[    3.930118] Freeing unused kernel image memory: 2008K
[    3.938549] Freeing unused kernel image memory: 1820K
[    3.955710] x86/mm: Checked W+X mappings: passed, no W+X pages found.
[    3.980210] x86/mm: Checking user space page tables
[    4.184795] hrtimer: interrupt took 15391725 ns
[    4.481144] x86/mm: Checked W+X mappings: passed, no W+X pages found.
Loading, please wait...
starting version 237
[    6.575996] e1000: Intel(R) PRO/1000 Network Driver - version 7.3.21-k8-NAPI
[    6.620551] e1000: Copyright (c) 1999-2006 Intel Corporation.
[    6.717115] Fusion MPT base driver 3.04.20
[    6.753938] Copyright (c) 1999-2008 LSI Corporation
[    7.473503] SSE version of gcm_enc/dec engaged.
[    7.531279] Fusion MPT SPI Host driver 3.04.20
[    8.073209] input: ImExPS/2 Generic Explorer Mouse as /devices/platform/i8042/serio1/input/input4
[    9.514374] e1000 0000:00:03.0 eth0: (PCI:33MHz:32-bit) 02:3b:7b:b7:3b:2d
[    9.531228] e1000 0000:00:03.0 eth0: Intel(R) PRO/1000 Network Connection
[    9.552781] mptbase: ioc0: Initiating bringup
[    9.554259] e1000 0000:00:03.0 enp0s3: renamed from eth0
[    9.681339] ioc0: LSI53C1030 A0: Capabilities={Initiator}
[   11.505799] scsi host2: ioc0: LSI53C1030 A0, FwRev=00000000h, Ports=1, MaxQ=256, IRQ=20
[   13.351847] scsi 2:0:0:0: Direct-Access     VBOX     HARDDISK         1.0  PQ: 0 ANSI: 5
[   13.705734] scsi target2:0:0: Beginning Domain Validation
[   13.811818] scsi target2:0:0: Domain Validation skipping write tests
[   13.854334] scsi target2:0:0: Ending Domain Validation
[   13.894935] scsi target2:0:0: asynchronous
[   13.935884] scsi 2:0:1:0: Direct-Access     VBOX     HARDDISK         1.0  PQ: 0 ANSI: 5
[   14.262112] scsi target2:0:1: Beginning Domain Validation
[   14.330497] scsi target2:0:1: Domain Validation skipping write tests
[   14.366466] scsi target2:0:1: Ending Domain Validation
[   14.395573] scsi target2:0:1: asynchronous
[   14.475350] sd 2:0:0:0: Attached scsi generic sg0 type 0
[   14.501025] sd 2:0:0:0: [sda] 83886080 512-byte logical blocks: (42.9 GB/40.0 GiB)
[   14.544001] sd 2:0:1:0: Attached scsi generic sg1 type 0
[   14.594354] sd 2:0:0:0: [sda] Write Protect is off
[   14.601599] sd 2:0:1:0: [sdb] 20480 512-byte logical blocks: (10.5 MB/10.0 MiB)
[   14.689613] sd 2:0:1:0: [sdb] Write Protect is off
[   14.718939] sd 2:0:0:0: [sda] Incomplete mode parameter data
[   14.727187] sd 2:0:1:0: [sdb] Incomplete mode parameter data
[   14.834616] sd 2:0:0:0: [sda] Assuming drive cache: write through
[   14.962259] sd 2:0:1:0: [sdb] Assuming drive cache: write through
[   15.048618]  sda: sda1
[   15.094326] sd 2:0:0:0: [sda] Attached SCSI disk
[   15.251043] sd 2:0:1:0: [sdb] Attached SCSI disk
Begin: Loading essential drivers ... [   27.905806] raid6: sse2x1   gen()  1090 MB/s
[   27.993228] raid6: sse2x1   xor()  1011 MB/s
[   28.073554] raid6: sse2x2   gen()  1043 MB/s
[   28.165875] raid6: sse2x2   xor()   499 MB/s
[   28.273078] raid6: sse2x4   gen()  1391 MB/s
[   28.361700] raid6: sse2x4   xor()   501 MB/s
[   28.393138] raid6: using algorithm sse2x4 gen() 1391 MB/s
[   28.433392] raid6: .... xor() 501 MB/s, rmw enabled
[   28.465588] raid6: using ssse3x2 recovery algorithm
[   28.517678] xor: measuring software checksum speed
[   28.589771]    prefetch64-sse:  3104.000 MB/sec
[   28.661221]    generic_sse:  2696.000 MB/sec
[   28.690622] xor: using function: prefetch64-sse (3104.000 MB/sec)
[   28.747590] async_tx: api initialized (async)
done.
Begin: Running /scripts/init-premount ... done.
Begin: Mounting root file system ... Begin: Running /scripts/local-top ... done.
Begin: Running /scripts/local-premount ... [   29.709943] Btrfs loaded, crc32c=crc32c-intel
Scanning for Btrfs filesystems
done.
Warning: fsck not present, so skipping root file system
[   30.439958] EXT4-fs (sda1): mounted filesystem with ordered data mode. Opts: (null)
done.
Begin: Running /scripts/local-bottom ... done.
Begin: Running /scripts/init-bottom ... done.
[   32.910179] ip_tables: (C) 2000-2006 Netfilter Core Team
[   33.187349] systemd[1]: systemd 237 running in system mode. (+PAM +AUDIT +SELINUX +IMA +APPARMOR +SMACK +SYSVINIT +UTMP +LIBCRYPTSETUP +GCRYPT +GNUTLS +ACL +XZ +LZ4 +SECCOMP +BLKID +ELFUTILS +KMOD -IDN2 +IDN -PCRE2 default-hierarchy=hybrid)
[   33.340581] systemd[1]: Detected virtualization oracle.
[   33.381449] systemd[1]: Detected architecture x86-64.

Welcome to [1mUbuntu 18.04.6 LTS[0m!

[   33.898211] random: crng init done
[   33.939396] systemd[1]: Set hostname to <ubuntu>.
[   34.026176] systemd[1]: Initializing machine ID from random generator.
[   34.059441] systemd[1]: Installed transient /etc/machine-id file.
[   38.265979] systemd[1]: Reached target Mounting snaps.
[[0;32m  OK  [0m] Reached target Mounting snaps.
[   38.345400] systemd[1]: Reached target System Time Synchronized.
[[0;32m  OK  [0m] Reached target System Time Synchronized.
[   38.472806] systemd[1]: Started Forward Password Requests to Wall Directory Watch.
[[0;32m  OK  [0m] Started Forward Password Requests to Wall Directory Watch.
[   38.611746] systemd[1]: Reached target Mounted snaps.
[[0;32m  OK  [0m] Reached target Mounted snaps.
[   38.718609] systemd[1]: Set up automount Arbitrary Executable File Formats File System Automount Point.
[[0;32m  OK  [0m] Set up automount Arbitrary Executab…rmats File System Automount Point.
[   38.958943] systemd[1]: Created slice System Slice.
[[0;32m  OK  [0m] Created slice System Slice.
[   39.026196] systemd[1]: Listening on LVM2 metadata daemon socket.
[[0;32m  OK  [0m] Listening on LVM2 metadata daemon socket.
[   39.104064] systemd[1]: Listening on Device-mapper event daemon FIFOs.
[[0;32m  OK  [0m] Listening on Device-mapper event daemon FIFOs.
[   39.193890] systemd[1]: Created slice system-serial\x2dgetty.slice.
[[0;32m  OK  [0m] Created slice system-serial\x2dgetty.slice.
[   39.284269] systemd[1]: Listening on Journal Socket.
[[0;32m  OK  [0m] Listening on Journal Socket.
         Mounting Huge Pages File System...
         Starting Create list of required st…ce nodes for the current kernel...
         Starting Load Kernel Modules...
         Starting Uncomplicated firewall...
         Mounting Kernel Debug File System...
[[0;32m  OK  [0m] Listening on /dev/initctl Compatibility Named Pipe.
[   39.786445] Loading iSCSI transport class v2.0-870.
         Starting Set the console keyboard layout...
[[0;32m  OK  [0m] Listening on udev Control Socket.
[[0;32m  OK  [0m] Listening on Jou[   40.158775] iscsi: registered transport (tcp)
rnal Socket (/dev/log).
[[0;32m  OK  [0m] Reached target Swap.
[[0;32m  OK  [0m] Reached target User and Group Name Lookups.
[[0;32m  OK  [0m] Listening on fsck to fsckd communication Socket.
[[0;32m  OK  [0m] Created slice User and Session Slice.
[[0;32m  OK  [0m] Listening on LVM2 poll daemon socket.
         Starting Monitoring of LVM2 mirrors…ng dmeventd or progress polling...
[[0;32m  OK  [0m] Listening on Network Service Netlink Socket.
         Mounting POSIX Message Queue File System...
         Starting File System Check on Root Device...
[[0;32m  OK  [0m] Listening on udev Kernel Socket.
         Starting udev Coldplug all Devices...
[[0;32m  OK  [0m] Reached target Slices.
[[0;32m  OK  [0m] Listening on Journal Audit Socket.
[[0;32m  OK  [0m] Listening on Syslog Socket.
[   41.202821] iscsi: registered transport (iser)
         Starting Journal Service...
[[0;32m  OK  [0m] Mounted Huge Pages File System.
[[0;32m  OK  [0m] Started Create list of required sta…vice nodes for the current kernel.
[[0;32m  OK  [0m] Started Load Kernel Modules.
[[0;32m  OK  [0m] Started Uncomplicated firewall.
[[0;32m  OK  [0m] Mounted Kernel Debug File System.
[[0;32m  OK  [0m] Mounted POSIX Message Queue File System.
[[0;32m  OK  [0m] Started LVM2 metadata daemon.
[[0;32m  OK  [0m] Started File System Check Daemon to report status.
         Starting Apply Kernel Variables...
         Mounting FUSE Control File System...
         Mounting Kernel Configuration File System...
         Starting Create Static Device Nodes in /dev...
[[0;32m  OK  [0m] Started File System Check on Root Device.
[[0;32m  OK  [0m] Mounted FUSE Control File System.
[[0;32m  OK  [0m] Mounted Kernel Configuration File System.
         Starting Remount Root and Kernel File Systems...
[[0;32m  OK  [0m] Started Apply Kernel Variables.
[[0;32m  OK  [0m] Started Journal Service.
[[0;32m  OK  [0m] Started Create Static Device Nodes in /dev.
[[0;32m  OK  [0m] Started Monitoring of LVM2 mirrors,…sing dmeventd or progress polling.
[[0;32m  OK  [0m] Started Remount Root and Kernel File Systems.
[[0;32m  OK  [0m] Started udev Coldplug all Devices.
         Starting Load/Save Random Seed...
         Starting udev Kernel Device Manager...
         Starting Flush Journal to Persistent Storage...
[[0;32m  OK  [0m] Started Load/Save Random Seed.
[[0;32m  OK  [0m] Started Flush Journal to Persistent Storage.
[[0;32m  OK  [0m] Started udev Kernel Device Manager.
[[0;32m  OK  [0m] Started Set the console keyboard layout.
[[0;32m  OK  [0m] Reached target Local File Systems (Pre).
[[0;32m  OK  [0m] Reached target Local File Systems.
         Starting AppArmor initialization...
         Starting Create Volatile Files and Directories...
         Starting ebtables ruleset management...
         Starting Set console font and keymap...
         Starting Tell Plymouth To Write Out Runtime Data...
         Starting Commit a transient machine-id on disk...
[[0;32m  OK  [0m] Started Dispatch Password Requests to Console Directory Watch.
[[0;32m  OK  [0m] Reached target Local Encrypted Volumes.
[[0;32m  OK  [0m] Found device /dev/ttyS0.
[[0;32m  OK  [0m] Started Create Volatile Files and Directories.
[[0;32m  OK  [0m] Started Tell Plymouth To Write Out Runtime Data.
         Starting Update UTMP about System Boot/Shutdown...
[[0;32m  OK  [0m] Started Commit a transient machine-id on disk.
[[0;32m  OK  [0m] Started Update UTMP about System Boot/Shutdown.
[[0;32m  OK  [0m] Started ebtables ruleset management.
[[0;32m  OK  [0m] Listening on Load/Save RF Kill Switch Status /dev/rfkill Watch.
         Mounting Arbitrary Executable File Formats File System...
[[0;32m  OK  [0m] Mounted Arbitrary Executable File Formats File System.
[[0;32m  OK  [0m] Started AppArmor initialization.
         Starting Load AppArmor profiles managed internally by snapd...
         Starting Initial cloud-init job (pre-networking)...
[[0;32m  OK  [0m] Started Load AppArmor profiles managed internally by snapd.
[[0;32m  OK  [0m] Started Set console font and keymap.
[   81.091915] cloud-init[782]: Cloud-init v. 23.1.2-0ubuntu0~18.04.1 running 'init-local' at Sat, 02 Mar 2024 21:37:13 +0000. Up 74.11 seconds.
[[0;32m  OK  [0m] Started Initial cloud-init job (pre-networking).
[[0;32m  OK  [0m] Reached target Network (Pre).
         Starting Network Service...
[[0;32m  OK  [0m] Started Network Service.
         Starting Network Name Resolution...
         Starting Wait for Network to be Configured...
[[0;32m  OK  [0m] Started Network Name Resolution.
[[0;32m  OK  [0m] Reached target Network.
[[0;32m  OK  [0m] Reached target Host and Network Name Lookups.
[[0;32m  OK  [0m] Started Wait for Network to be Configured.
         Starting Initial cloud-init job (metadata service crawler)...
[   89.269181] cloud-init[915]: Cloud-init v. 23.1.2-0ubuntu0~18.04.1 running 'init' at Sat, 02 Mar 2024 21:37:27 +0000. Up 88.33 seconds.
[   89.288646] cloud-init[915]: ci-info: ++++++++++++++++++++++++++++++++++++++Net device info++++++++++++++++++++++++++++++++++++++
[   89.304321] cloud-init[915]: ci-info: +--------+------+----------------------------+---------------+--------+-------------------+
[   89.322785] cloud-init[915]: ci-info: | Device |  Up  |          Address           |      Mask     | Scope  |     Hw-Address    |
[   89.338647] cloud-init[915]: ci-info: +--------+------+----------------------------+---------------+--------+-------------------+
[   89.363332] cloud-init[915]: ci-info: | enp0s3 | True |         10.0.2.15          | 255.255.255.0 | global | 02:3b:7b:b7:3b:2d |
[   89.381124] cloud-init[915]: ci-info: | enp0s3 | True | fe80::3b:7bff:feb7:3b2d/64 |       .       |  link  | 02:3b:7b:b7:3b:2d |
[   89.401821] cloud-init[915]: ci-info: |   lo   | True |         127.0.0.1          |   255.0.0.0   |  host  |         .         |
[   89.418756] cloud-init[915]: ci-info: |   lo   | True |          ::1/128           |       .       |  host  |         .         |
[   89.435388] cloud-init[915]: ci-info: +--------+------+----------------------------+---------------+--------+-------------------+
[   89.472778] cloud-init[915]: ci-info: ++++++++++++++++++++++++++++Route IPv4 info+++++++++++++++++++++++++++++
[   89.489814] cloud-init[915]: ci-info: +-------+-------------+----------+-----------------+-----------+-------+
[   89.514503] cloud-init[915]: ci-info: | Route | Destination | Gateway  |     Genmask     | Interface | Flags |
[   89.533207] cloud-init[915]: ci-info: +-------+-------------+----------+-----------------+-----------+-------+
[   89.557176] cloud-init[915]: ci-info: |   0   |   0.0.0.0   | 10.0.2.2 |     0.0.0.0     |   enp0s3  |   UG  |
[   89.574562] cloud-init[915]: ci-info: |   1   |   10.0.2.0  | 0.0.0.0  |  255.255.255.0  |   enp0s3  |   U   |
[   89.591818] cloud-init[915]: ci-info: |   2   |   10.0.2.2  | 0.0.0.0  | 255.255.255.255 |   enp0s3  |   UH  |
[   89.614003] cloud-init[915]: ci-info: +-------+-------------+----------+-----------------+-----------+-------+
[   89.628763] cloud-init[915]: ci-info: +++++++++++++++++++Route IPv6 info+++++++++++++++++++
[   89.642876] cloud-init[915]: ci-info: +-------+-------------+---------+-----------+-------+
[   89.659078] cloud-init[915]: ci-info: | Route | Destination | Gateway | Interface | Flags |
[   89.674389] cloud-init[915]: ci-info: +-------+-------------+---------+-----------+-------+
[   89.691941] cloud-init[915]: ci-info: |   1   |  fe80::/64  |    ::   |   enp0s3  |   U   |
[   89.707937] cloud-init[915]: ci-info: |   3   |    local    |    ::   |   enp0s3  |   U   |
[   89.727445] cloud-init[915]: ci-info: |   4   |   ff00::/8  |    ::   |   enp0s3  |   U   |
[   89.734829] cloud-init[915]: ci-info: +-------+-------------+---------+-----------+-------+
[   93.689327] cloud-init[915]: Generating public/private rsa key pair.
[   93.695955] cloud-init[915]: Your identification has been saved in /etc/ssh/ssh_host_rsa_key.
[   93.703739] cloud-init[915]: Your public key has been saved in /etc/ssh/ssh_host_rsa_key.pub.
[   93.713777] cloud-init[915]: The key fingerprint is:
[   93.718451] cloud-init[915]: SHA256:wxL2ozt83p3FXFInyoDFRNGDHdpzd4dVTSWovoSxAVk root@ubuntu-bionic
[   93.726064] cloud-init[915]: The key's randomart image is:
[   93.733457] cloud-init[915]: +---[RSA 2048]----+
[   93.747279] cloud-init[915]: |       oE+==.o..O|
[   93.763395] cloud-init[915]: |      o  ooo=  +.|
[   93.776099] cloud-init[915]: |      o.. o.o.+ *|
[   93.787487] cloud-init[915]: |     . +o .o + ++|
[   93.800204] cloud-init[915]: |      . S*  o . .|
[   93.811856] cloud-init[915]: |       oooo  o o |
[   93.823406] cloud-init[915]: |     ..  . .  +  |
[   93.835709] cloud-init[915]: |      o..... o   |
[   93.846871] cloud-init[915]: |      .+. . o    |
[   93.858708] cloud-init[915]: +----[SHA256]-----+
[   93.871483] cloud-init[915]: Generating public/private dsa key pair.
[   93.885496] cloud-init[915]: Your identification has been saved in /etc/ssh/ssh_host_dsa_key.
[   93.899366] cloud-init[[915]: Your public key has been saved in /etc/ssh/ssh_host_dsa_key.pub.
[   93.909158] cloud-init[915]: The key fingerprint is:
[   93.914980] cloud-init[915]: SHA256:5g2ZjR3WCoduR4mN+XWU48XCaBmE85+OflI7VmUtMrg root@ubuntu-bionic
[   93.915167] cloud-init[915]: The key's randomart image is:
[   93.915295] cloud-init[915]: +---[DSA 1024]----+
[   93.915444] cloud-init[915]: |           oo=.o |
[   93.915599] cloud-init[915]: |         *oo+.= o|
[   93.915785] cloud-init[915]: |        * B=o..+.|
[   93.919917] cloud-init[915]: |       . %.++.o +|
[   93.924644] cloud-init[915]: |        S *. + +.|
[   93.928659] cloud-init[915]: |       + +E   + .|
[   93.929033] cloud-init[915]: |        . .  + o |
[   93.938624] cloud-init[915]: |            o *  |
[   93.942618] cloud-init[915]: |           ..+ . |
[   93.947035] cloud-init[915]: +----[SHA256]-----+
[   93.951160] cloud-init[915]: Generating public/private ecdsa key pair.
[   93.956072] cloud-init[915]: Your identification has been saved in /etc/ssh/ssh_host_ecdsa_key.
[   93.960544] cloud-init[915]: Your public key has been saved in /etc/ssh/ssh_host_ecdsa_key.pub.
[   93.963028] cloud-init[915]: The key fingerprint is:
[   93.967163] cloud-init[915]: SHA256:4JPHDSLCjTiMsH0EbR8iOeN3tPJUqLgnQDXOnAFvU9o root@ubuntu-bionic
[   93.971901] cloud-init[915]: The key's randomart image is:
[   93.978633] cloud-init[915]: +---[ECDSA 256]---+
[   93.983337] cloud-init[915]: |..+B.. .         |
[   93.986626] cloud-init[915]: |+*X+@ + .        |
[   93.990363] cloud-init[915]: |*o=/+Eo+.        |
[   93.992079] cloud-init[915]: |..+o=o== o       |
[   93.998818] cloud-init[915]: | . o =+ S .      |
[   94.003673] cloud-init[915]: |  o . .o         |
[   94.007737] cloud-init[915]: |   o             |
[   94.011929] cloud-init[915]: |                 |
[   94.015641] cloud-init[915]: |                 |
[   94.019974] cloud-init[915]: +----[SHA256]-----+
[   94.023863] cloud-init[915]: Generating public/private ed25519 key pair.
[   94.028531] cloud-init[915]: Your identification has been saved in /etc/ssh/ssh_host_ed25519_key.
[   94.030060] cloud-init[915]: Your public key has been saved in /etc/ssh/ssh_host_ed25519_key.pub.
[   94.031964] cloud-init[915]: The key fingerprint is:
[   94.035058] cloud-init[915]: SHA256:qB0dMQLa4EeWMqprr6cdpYcZwSPvpCUx/t+Kbrl5SS8 root@ubuntu-bionic
[   94.038568] cloud-init[915]: The key's randomart image is:
[   94.042866] cloud-init[915]: +--[ED25519 256]--+
[   94.046760] cloud-init[915]: |  . +o. o        |
[   94.050482] cloud-init[915]: | .+*.  . o       |
[   94.052576] cloud-init[915]: | =o*o   .        |
[   94.055060] cloud-init[915]: |o =.o  o .       |
[   94.059710] cloud-init[915]: |.o = .o S        |
[   94.063911] cloud-init[915]: |. B *+ .         |
[   94.067767] cloud-init[915]: | o B+.+          |
[   94.071545] cloud-init[915]: |...+*E..         |
[   94.075727] cloud-init[915]: |.oBBooo.         |
[   94.079562] cloud-init[915]: +----[SHA256]-----+
[0;32m  OK  [0m] Started Initial cloud-init job (metadata service crawler).
[[0;32m  OK  [0m] Reached target Network is Online.
         Starting Availability of block devices...
[[0;32m  OK  [0m] Reached target Remote File Systems (Pre).
[[0;32m  OK  [0m] Reached target Remote File Systems.
[[0;32m  OK  [0m] Reached target Cloud-config availability.
[[0;32m  OK  [0m] Reached target System Initialization.
[[0;32m  OK  [0m] Listening on D-Bus System Message Bus Socket.
[[0;32m  OK  [0m] Listening on ACPID Listen Socket.
[[0;32m  OK  [0m] Started Message of the Day.
[[0;32m  OK  [0m] Started Daily Cleanup of Temporary Directories.
         Starting Socket activation for snappy daemon.
[[0;32m  OK  [0m] Started Discard unused blocks once a week.
[[0;32m  OK  [0m] Listening on UUID daemon activation socket.
[[0;32m  OK  [0m] Listening on cloud-init hotplug hook socket.
         Starting LXD - unix socket.
[[0;32m  OK  [0m] Started Ubuntu Advantage Timer for running repeated jobs.
[[0;32m  OK  [0m] Started Daily apt download activities.
[[0;32m  OK  [0m] Started Daily apt upgrade and clean activities.
[[0;32m  OK  [0m] Reached target Timers.
[[0;32m  OK  [0m] Started ACPI Events Check.
[[0;32m  OK  [0m] Reached target Paths.
[[0;32m  OK  [0m] Listening on Open-iSCSI iscsid Socket.
[[0;32m  OK  [0m] Started Availability of block devices.
[[0;32m  OK  [0m] Listening on Socket activation for snappy daemon.
[[0;32m  OK  [0m] Listening on LXD - unix socket.
[[0;32m  OK  [0m] Reached target Sockets.
[[0;32m  OK  [0m] Reached target Basic System.
         Starting System Logging Service...
         Starting LXD - container startup/shutdown...
[[0;32m  OK  [0m] Reached target Login Prompts (Pre).
         Starting Login Service...
[[0;32m  OK  [0m] Started FUSE filesystem for LXC.
         Starting LSB: Record successful boot for GRUB...
         Starting Permit User Sessions...
         Starting Accounts Service...
         Starting Dispatcher daemon for systemd-networkd...
[[0;32m  OK  [0m] Started irqbalance daemon.
         Starting Virtualbox guest utils...
[[0;32m  OK  [0m] Started D-Bus System Message Bus.
[[0;32m  OK  [0m] Started Login Service.
[[0;32m  OK  [0m] Started Unattended Upgrades Shutdown.
[[0;32m  OK  [0m] Started Regular background program processing daemon.
         Starting LSB: automatic crash report generation...
         Starting Pollinate to seed the pseudo random number generator...
[[0;32m  OK  [0m] Started Deferred execution scheduler.
         Starting Snap Daemon...
[[0;32m  OK  [0m] Started System Logging Service.
[[0;32m  OK  [0m] Started Permit User Sessions.
         Starting Authorization Manager...
         Starting Hold until boot process finishes up...
         Starting Terminate Plymouth Boot Screen...
[[0;32m  OK  [0m] Started Hold until boot process finishes up.
[[0;32m  OK  [0m] Started Terminate Plymouth Boot Screen.
         Starting Set console scheme...
[[0;32m  OK  [0m] Started Serial Getty on ttyS0.
[[0;32m  OK  [0m] Started LSB: automatic crash report generation.
[[0;32m  OK  [0m] Started Set console scheme.
[[0;32m  OK  [0m] Created slice system-getty.slice.
[[0;32m  OK  [0m] Started Getty on tty1.
[[0;32m  OK  [0m] Reached target Login Prompts.
[[0;32m  OK  [0m] Started LSB: Record successful boot for GRUB.
[[0;32m  OK  [0m] Started Authorization Manager.
[[0;32m  OK  [0m] Started Accounts Service.
[[0;32m  OK  [0m] Started Virtualbox guest utils.
[[0;32m  OK  [0m] Started Dispatcher daemon for systemd-networkd.
[[0;32m  OK  [0m] Started LXD - container startup/shutdown.

Ubuntu 18.04.6 LTS ubuntu-bionic ttyS0

ubuntu-bionic login: [  121.404925] cloud-init[1719]: Cloud-init v. 23.1.2-0ubuntu0~18.04.1 running 'modules:config' at Sat, 02 Mar 2024 21:37:57 +0000. Up 117.98 seconds.
ci-info: no authorized SSH keys fingerprints found for user ubuntu.
<14>Mar  2 21:38:03 cloud-init: #############################################################
<14>Mar  2 21:38:03 cloud-init: -----BEGIN SSH HOST KEY FINGERPRINTS-----
<14>Mar  2 21:38:03 cloud-init: 1024 SHA256:5g2ZjR3WCoduR4mN+XWU48XCaBmE85+OflI7VmUtMrg root@ubuntu-bionic (DSA)
<14>Mar  2 21:38:03 cloud-init: 256 SHA256:4JPHDSLCjTiMsH0EbR8iOeN3tPJUqLgnQDXOnAFvU9o root@ubuntu-bionic (ECDSA)
<14>Mar  2 21:38:03 cloud-init: 256 SHA256:qB0dMQLa4EeWMqprr6cdpYcZwSPvpCUx/t+Kbrl5SS8 root@ubuntu-bionic (ED25519)
<14>Mar  2 21:38:03 cloud-init: 2048 SHA256:wxL2ozt83p3FXFInyoDFRNGDHdpzd4dVTSWovoSxAVk root@ubuntu-bionic (RSA)
<14>Mar  2 21:38:03 cloud-init: -----END SSH HOST KEY FINGERPRINTS-----
<14>Mar  2 21:38:03 cloud-init: #############################################################
-----BEGIN SSH HOST KEY KEYS-----
ecdsa-sha2-nistp256 AAAAE2VjZHNhLXNoYTItbmlzdHAyNTYAAAAIbmlzdHAyNTYAAABBBDxgLWExSs3+uFUNOC995IyDdtfWwMdK+J/hbA/lF/9V+hK8gz06aI2w5R/Jr8G/WklYkVGnSclQHYqJ7DyL06o= root@ubuntu-bionic
ssh-ed25519 AAAAC3NzaC1lZDI1NTE5AAAAIGqZnrb/cAsKAunOwfty1HLDefIw6Q3UiYT1zxcyZTO3 root@ubuntu-bionic
ssh-rsa AAAAB3NzaC1yc2EAAAADAQABAAABAQC9t7MoZuBLaGcCkl20b+FzsnzBUQW8JtsB/qJnyBkydGw7z2mDIgyQvx3cJ2b6bPTgdaXFZoPbj74kyPJSkmy3TdLfG1+cySU36er7l91gl0suo2IT1BMe8eH+J33tRcwwB1VVcAnpGG8qME5z4lNN0L2Qml4pdm6PQb5mfUAttU3DZjMhN+4nZcGTeXilCJESVIMZI5DJF4vIZfkSBCLrgrZ4nfkLN/BnjWc5ahwemHZPY+BaVfZwqusiZxEz0ZAtM8Eym7tCfGYDORikTCzxMzIDE2nDpSF1TesZPHqaVdFHpv+UNWqHWPa0N7R63+ONV5att/i2K8zuezgIZgyn root@ubuntu-bionic
-----END SSH HOST KEY KEYS-----
[  124.163265] cloud-init[1893]: Cloud-init v. 23.1.2-0ubuntu0~18.04.1 running 'modules:final' at Sat, 02 Mar 2024 21:38:02 +0000. Up 123.06 seconds.
[  124.190797] cloud-init[1893]: Cloud-init v. 23.1.2-0ubuntu0~18.04.1 finished at Sat, 02 Mar 2024 21:38:03 +0000. Datasource DataSourceNoCloud [seed=/dev/sdb][dsmode=net].  Up 124.10 seconds
